2013/12/22 05:15:43 [error] [exception.CHttpException.404] exception 'CHttpException' with message '系统无法找到请求的 "images" 动作.' in /root/web/apache/htdocs/yii/framework/web/CController.php:483
Stack trace:
#0 /root/web/apache/htdocs/yii/framework/web/CController.php(270): CController->missingAction('images')
#1 /root/web/apache/htdocs/yii/framework/web/CWebApplication.php(282): CController->run('images')
#2 /root/web/apache/htdocs/yii/framework/web/CWebApplication.php(141): CWebApplication->runController('site/images/hea...')
#3 /root/web/apache/htdocs/yii/framework/base/CApplication.php(169): CWebApplication->processRequest()
#4 /root/web/apache/htdocs/mmcsysu/index.php(13): CApplication->run()
#5 {main}
REQUEST_URI=/mmcsysu/index.php/site/images/header.jpg
HTTP_REFERER=http://222.200.191.120/mmcsysu/index.php/site/index
---
2013/12/22 05:15:43 [error] [exception.CHttpException.404] exception 'CHttpException' with message '系统无法找到请求的 "images" 动作.' in /root/web/apache/htdocs/yii/framework/web/CController.php:483
Stack trace:
#0 /root/web/apache/htdocs/yii/framework/web/CController.php(270): CController->missingAction('images')
#1 /root/web/apache/htdocs/yii/framework/web/CWebApplication.php(282): CController->run('images')
#2 /root/web/apache/htdocs/yii/framework/web/CWebApplication.php(141): CWebApplication->runController('site/images/hea...')
#3 /root/web/apache/htdocs/yii/framework/base/CApplication.php(169): CWebApplication->processRequest()
#4 /root/web/apache/htdocs/mmcsysu/index.php(13): CApplication->run()
#5 {main}
REQUEST_URI=/mmcsysu/index.php/site/images/header.jpg
HTTP_REFERER=http://222.200.191.120/mmcsysu/index.php/site/index
---
2013/12/22 06:08:21 [error] [php] Undefined variable: gridDataProvider (/root/web/apache/htdocs/mmcsysu/protected/views/site/index.php:37)
Stack trace:
#0 /root/web/apache/htdocs/yii/framework/web/CController.php(869): SiteController->renderFile()
#1 /root/web/apache/htdocs/yii/framework/web/CController.php(782): SiteController->renderPartial()
#2 /root/web/apache/htdocs/mmcsysu/protected/controllers/SiteController.php(32): SiteController->render()
#3 /root/web/apache/htdocs/yii/framework/web/actions/CInlineAction.php(49): SiteController->actionIndex()
#4 /root/web/apache/htdocs/yii/framework/web/CController.php(308): CInlineAction->runWithParams()
#5 /root/web/apache/htdocs/yii/framework/web/CController.php(286): SiteController->runAction()
#6 /root/web/apache/htdocs/yii/framework/web/CController.php(265): SiteController->runActionWithFilters()
#7 /root/web/apache/htdocs/yii/framework/web/CWebApplication.php(282): SiteController->run()
#8 /root/web/apache/htdocs/yii/framework/web/CWebApplication.php(141): CWebApplication->runController()
#9 /root/web/apache/htdocs/yii/framework/base/CApplication.php(169): CWebApplication->processRequest()
#10 /root/web/apache/htdocs/mmcsysu/index.php(13): CWebApplication->run()
REQUEST_URI=/mmcsysu/index.php/site/index
in /root/web/apache/htdocs/mmcsysu/protected/views/site/index.php (37)
in /root/web/apache/htdocs/mmcsysu/protected/controllers/SiteController.php (32)
in /root/web/apache/htdocs/mmcsysu/index.php (13)
2013/12/22 06:09:37 [error] [php] Undefined variable: gridDataProvider (/root/web/apache/htdocs/mmcsysu/protected/views/site/index.php:44)
Stack trace:
#0 /root/web/apache/htdocs/yii/framework/web/CController.php(869): SiteController->renderFile()
#1 /root/web/apache/htdocs/yii/framework/web/CController.php(782): SiteController->renderPartial()
#2 /root/web/apache/htdocs/mmcsysu/protected/controllers/SiteController.php(32): SiteController->render()
#3 /root/web/apache/htdocs/yii/framework/web/actions/CInlineAction.php(49): SiteController->actionIndex()
#4 /root/web/apache/htdocs/yii/framework/web/CController.php(308): CInlineAction->runWithParams()
#5 /root/web/apache/htdocs/yii/framework/web/CController.php(286): SiteController->runAction()
#6 /root/web/apache/htdocs/yii/framework/web/CController.php(265): SiteController->runActionWithFilters()
#7 /root/web/apache/htdocs/yii/framework/web/CWebApplication.php(282): SiteController->run()
#8 /root/web/apache/htdocs/yii/framework/web/CWebApplication.php(141): CWebApplication->runController()
#9 /root/web/apache/htdocs/yii/framework/base/CApplication.php(169): CWebApplication->processRequest()
#10 /root/web/apache/htdocs/mmcsysu/index.php(13): CWebApplication->run()
REQUEST_URI=/mmcsysu/index.php/site/index
in /root/web/apache/htdocs/mmcsysu/protected/views/site/index.php (44)
in /root/web/apache/htdocs/mmcsysu/protected/controllers/SiteController.php (32)
in /root/web/apache/htdocs/mmcsysu/index.php (13)
2013/12/22 06:09:59 [error] [php] Undefined variable: gridDataProvider (/root/web/apache/htdocs/mmcsysu/protected/views/site/index.php:44)
Stack trace:
#0 /root/web/apache/htdocs/yii/framework/web/CController.php(869): SiteController->renderFile()
#1 /root/web/apache/htdocs/yii/framework/web/CController.php(782): SiteController->renderPartial()
#2 /root/web/apache/htdocs/mmcsysu/protected/controllers/SiteController.php(32): SiteController->render()
#3 /root/web/apache/htdocs/yii/framework/web/actions/CInlineAction.php(49): SiteController->actionIndex()
#4 /root/web/apache/htdocs/yii/framework/web/CController.php(308): CInlineAction->runWithParams()
#5 /root/web/apache/htdocs/yii/framework/web/CController.php(286): SiteController->runAction()
#6 /root/web/apache/htdocs/yii/framework/web/CController.php(265): SiteController->runActionWithFilters()
#7 /root/web/apache/htdocs/yii/framework/web/CWebApplication.php(282): SiteController->run()
#8 /root/web/apache/htdocs/yii/framework/web/CWebApplication.php(141): CWebApplication->runController()
#9 /root/web/apache/htdocs/yii/framework/base/CApplication.php(169): CWebApplication->processRequest()
#10 /root/web/apache/htdocs/mmcsysu/index.php(13): CWebApplication->run()
REQUEST_URI=/mmcsysu/index.php/site/index
in /root/web/apache/htdocs/mmcsysu/protected/views/site/index.php (44)
in /root/web/apache/htdocs/mmcsysu/protected/controllers/SiteController.php (32)
in /root/web/apache/htdocs/mmcsysu/index.php (13)
2013/12/22 06:10:13 [error] [php] Trying to get property of non-object (/root/web/apache/htdocs/yii/framework/base/CComponent.php(606) : eval()'d code:1)
Stack trace:
#0 /root/web/apache/htdocs/yii/framework/zii/widgets/grid/CButtonColumn.php(295): TbButtonColumn->renderButton()
#1 /root/web/apache/htdocs/yii/framework/zii/widgets/grid/CGridColumn.php(144): TbButtonColumn->renderDataCellContent()
#2 /root/web/apache/htdocs/yii/framework/zii/widgets/grid/CGridView.php(589): TbButtonColumn->renderDataCell()
#3 /root/web/apache/htdocs/yii/framework/zii/widgets/grid/CGridView.php(545): TbGridView->renderTableRow()
#4 /root/web/apache/htdocs/yii/framework/zii/widgets/grid/CGridView.php(455): TbGridView->renderTableBody()
#5 /root/web/apache/htdocs/yii/framework/zii/widgets/CBaseListView.php(160): TbGridView->renderItems()
#6 unknown(0): TbGridView->renderSection()
#7 /root/web/apache/htdocs/yii/framework/zii/widgets/CBaseListView.php(143): preg_replace_callback()
#8 /root/web/apache/htdocs/yii/framework/zii/widgets/CBaseListView.php(128): TbGridView->renderContent()
#9 /root/web/apache/htdocs/yii/framework/web/CBaseController.php(173): TbGridView->run()
#10 /root/web/apache/htdocs/mmcsysu/protected/views/site/index.php(56): SiteController->widget()
#11 /root/web/apache/htdocs/yii/framework/web/CBaseController.php(126): require()
#12 /root/web/apache/htdocs/yii/framework/web/CBaseController.php(95): SiteController->renderInternal()
#13 /root/web/apache/htdocs/yii/framework/web/CController.php(869): SiteController->renderFile()
#14 /root/web/apache/htdocs/yii/framework/web/CController.php(782): SiteController->renderPartial()
#15 /root/web/apache/htdocs/mmcsysu/protected/controllers/SiteController.php(32): SiteController->render()
#16 /root/web/apache/htdocs/yii/framework/web/actions/CInlineAction.php(49): SiteController->actionIndex()
#17 /root/web/apache/htdocs/yii/framework/web/CController.php(308): CInlineAction->runWithParams()
#18 /root/web/apache/htdocs/yii/framework/web/CController.php(286): SiteController->runAction()
#19 /root/web/apache/htdocs/yii/framework/web/CController.php(265): SiteController->runActionWithFilters()
#20 /root/web/apache/htdocs/yii/framework/web/CWebApplication.php(282): SiteController->run()
#21 /root/web/apache/htdocs/yii/framework/web/CWebApplication.php(141): CWebApplication->runController()
#22 /root/web/apache/htdocs/yii/framework/base/CApplication.php(169): CWebApplication->processRequest()
#23 /root/web/apache/htdocs/mmcsysu/index.php(13): CWebApplication->run()
REQUEST_URI=/mmcsysu/index.php/site/index
in /root/web/apache/htdocs/mmcsysu/protected/extensions/bootstrap/widgets/TbButtonColumn.php (60)
in /root/web/apache/htdocs/mmcsysu/protected/views/site/index.php (56)
in /root/web/apache/htdocs/mmcsysu/protected/controllers/SiteController.php (32)
2013/12/22 06:26:53 [error] [php] Trying to get property of non-object (/root/web/apache/htdocs/yii/framework/base/CComponent.php(606) : eval()'d code:1)
Stack trace:
#0 /root/web/apache/htdocs/yii/framework/zii/widgets/grid/CButtonColumn.php(295): TbButtonColumn->renderButton()
#1 /root/web/apache/htdocs/yii/framework/zii/widgets/grid/CGridColumn.php(144): TbButtonColumn->renderDataCellContent()
#2 /root/web/apache/htdocs/yii/framework/zii/widgets/grid/CGridView.php(589): TbButtonColumn->renderDataCell()
#3 /root/web/apache/htdocs/yii/framework/zii/widgets/grid/CGridView.php(545): TbGridView->renderTableRow()
#4 /root/web/apache/htdocs/yii/framework/zii/widgets/grid/CGridView.php(455): TbGridView->renderTableBody()
#5 /root/web/apache/htdocs/yii/framework/zii/widgets/CBaseListView.php(160): TbGridView->renderItems()
#6 unknown(0): TbGridView->renderSection()
#7 /root/web/apache/htdocs/yii/framework/zii/widgets/CBaseListView.php(143): preg_replace_callback()
#8 /root/web/apache/htdocs/yii/framework/zii/widgets/CBaseListView.php(128): TbGridView->renderContent()
#9 /root/web/apache/htdocs/yii/framework/web/CBaseController.php(173): TbGridView->run()
#10 /root/web/apache/htdocs/mmcsysu/protected/views/site/index.php(59): SiteController->widget()
#11 /root/web/apache/htdocs/yii/framework/web/CBaseController.php(126): require()
#12 /root/web/apache/htdocs/yii/framework/web/CBaseController.php(95): SiteController->renderInternal()
#13 /root/web/apache/htdocs/yii/framework/web/CController.php(869): SiteController->renderFile()
#14 /root/web/apache/htdocs/yii/framework/web/CController.php(782): SiteController->renderPartial()
#15 /root/web/apache/htdocs/mmcsysu/protected/controllers/SiteController.php(32): SiteController->render()
#16 /root/web/apache/htdocs/yii/framework/web/actions/CInlineAction.php(49): SiteController->actionIndex()
#17 /root/web/apache/htdocs/yii/framework/web/CController.php(308): CInlineAction->runWithParams()
#18 /root/web/apache/htdocs/yii/framework/web/CController.php(286): SiteController->runAction()
#19 /root/web/apache/htdocs/yii/framework/web/CController.php(265): SiteController->runActionWithFilters()
#20 /root/web/apache/htdocs/yii/framework/web/CWebApplication.php(282): SiteController->run()
#21 /root/web/apache/htdocs/yii/framework/web/CWebApplication.php(141): CWebApplication->runController()
#22 /root/web/apache/htdocs/yii/framework/base/CApplication.php(169): CWebApplication->processRequest()
#23 /root/web/apache/htdocs/mmcsysu/index.php(13): CWebApplication->run()
REQUEST_URI=/mmcsysu/index.php/site/index
in /root/web/apache/htdocs/mmcsysu/protected/extensions/bootstrap/widgets/TbButtonColumn.php (60)
in /root/web/apache/htdocs/mmcsysu/protected/views/site/index.php (59)
in /root/web/apache/htdocs/mmcsysu/protected/controllers/SiteController.php (32)
2013/12/22 06:28:35 [error] [exception.CException] exception 'CException' with message 'CDataColumn 必须指定 "name" 或 "value" 至少一项.' in /root/web/apache/htdocs/yii/framework/zii/widgets/grid/CDataColumn.php:78
Stack trace:
#0 /root/web/apache/htdocs/yii/framework/zii/widgets/grid/CGridView.php(376): CDataColumn->init()
#1 /root/web/apache/htdocs/mmcsysu/protected/extensions/bootstrap/widgets/TbGridView.php(91): CGridView->initColumns()
#2 /root/web/apache/htdocs/yii/framework/zii/widgets/grid/CGridView.php(334): TbGridView->initColumns()
#3 /root/web/apache/htdocs/mmcsysu/protected/extensions/bootstrap/widgets/TbGridView.php(49): CGridView->init()
#4 /root/web/apache/htdocs/yii/framework/web/CBaseController.php(147): TbGridView->init()
#5 /root/web/apache/htdocs/yii/framework/web/CBaseController.php(172): CBaseController->createWidget('bootstrap.widge...', Array)
#6 /root/web/apache/htdocs/mmcsysu/protected/views/site/index.php(59): CBaseController->widget('bootstrap.widge...', Array)
#7 /root/web/apache/htdocs/yii/framework/web/CBaseController.php(126): require('/root/web/apach...')
#8 /root/web/apache/htdocs/yii/framework/web/CBaseController.php(95): CBaseController->renderInternal('/root/web/apach...', NULL, true)
#9 /root/web/apache/htdocs/yii/framework/web/CController.php(869): CBaseController->renderFile('/root/web/apach...', NULL, true)
#10 /root/web/apache/htdocs/yii/framework/web/CController.php(782): CController->renderPartial('index', NULL, true)
#11 /root/web/apache/htdocs/mmcsysu/protected/controllers/SiteController.php(32): CController->render('index')
#12 /root/web/apache/htdocs/yii/framework/web/actions/CInlineAction.php(49): SiteController->actionIndex()
#13 /root/web/apache/htdocs/yii/framework/web/CController.php(308): CInlineAction->runWithParams(Array)
#14 /root/web/apache/htdocs/yii/framework/web/CController.php(286): CController->runAction(Object(CInlineAction))
#15 /root/web/apache/htdocs/yii/framework/web/CController.php(265): CController->runActionWithFilters(Object(CInlineAction), Array)
#16 /root/web/apache/htdocs/yii/framework/web/CWebApplication.php(282): CController->run('index')
#17 /root/web/apache/htdocs/yii/framework/web/CWebApplication.php(141): CWebApplication->runController('site/index')
#18 /root/web/apache/htdocs/yii/framework/base/CApplication.php(169): CWebApplication->processRequest()
#19 /root/web/apache/htdocs/mmcsysu/index.php(13): CApplication->run()
#20 {main}
REQUEST_URI=/mmcsysu/index.php/site/index
---
2013/12/22 06:53:30 [error] [exception.CHttpException.404] exception 'CHttpException' with message '系统无法找到请求的 "infoContent.php" 动作.' in /root/web/apache/htdocs/yii/framework/web/CController.php:483
Stack trace:
#0 /root/web/apache/htdocs/yii/framework/web/CController.php(270): CController->missingAction('infoContent.php')
#1 /root/web/apache/htdocs/yii/framework/web/CWebApplication.php(282): CController->run('infoContent.php')
#2 /root/web/apache/htdocs/yii/framework/web/CWebApplication.php(141): CWebApplication->runController('site/infoConten...')
#3 /root/web/apache/htdocs/yii/framework/base/CApplication.php(169): CWebApplication->processRequest()
#4 /root/web/apache/htdocs/mmcsysu/index.php(13): CApplication->run()
#5 {main}
REQUEST_URI=/mmcsysu/index.php/site/infoContent.php?ArteId=43
HTTP_REFERER=http://222.200.191.120/mmcsysu/index.php/site/index
---
2013/12/23 16:30:34 [error] [exception.CHttpException.403] exception 'CHttpException' with message 'You are not allowed to access this page.' in /root/web/apache/htdocs/yii/framework/gii/GiiModule.php:168
Stack trace:
#0 /root/web/apache/htdocs/yii/framework/web/CController.php(263): GiiModule->beforeControllerAction(Object(DefaultController), Object(CInlineAction))
#1 /root/web/apache/htdocs/yii/framework/web/CWebApplication.php(282): CController->run('')
#2 /root/web/apache/htdocs/yii/framework/web/CWebApplication.php(141): CWebApplication->runController('gii')
#3 /root/web/apache/htdocs/yii/framework/base/CApplication.php(169): CWebApplication->processRequest()
#4 /root/web/apache/htdocs/mmcsysu/index.php(13): CApplication->run()
#5 {main}
REQUEST_URI=/mmcsysu/index.php/gii
---
2013/12/23 16:32:19 [error] [exception.CHttpException.403] exception 'CHttpException' with message 'You are not allowed to access this page.' in /root/web/apache/htdocs/yii/framework/gii/GiiModule.php:168
Stack trace:
#0 /root/web/apache/htdocs/yii/framework/web/CController.php(263): GiiModule->beforeControllerAction(Object(DefaultController), Object(CInlineAction))
#1 /root/web/apache/htdocs/yii/framework/web/CWebApplication.php(282): CController->run('')
#2 /root/web/apache/htdocs/yii/framework/web/CWebApplication.php(141): CWebApplication->runController('gii')
#3 /root/web/apache/htdocs/yii/framework/base/CApplication.php(169): CWebApplication->processRequest()
#4 /root/web/apache/htdocs/mmcsysu/index.php(13): CApplication->run()
#5 {main}
REQUEST_URI=/mmcsysu/index.php/gii
---
2013/12/23 16:32:22 [error] [exception.CHttpException.403] exception 'CHttpException' with message 'You are not allowed to access this page.' in /root/web/apache/htdocs/yii/framework/gii/GiiModule.php:168
Stack trace:
#0 /root/web/apache/htdocs/yii/framework/web/CController.php(263): GiiModule->beforeControllerAction(Object(DefaultController), Object(CInlineAction))
#1 /root/web/apache/htdocs/yii/framework/web/CWebApplication.php(282): CController->run('')
#2 /root/web/apache/htdocs/yii/framework/web/CWebApplication.php(141): CWebApplication->runController('gii')
#3 /root/web/apache/htdocs/yii/framework/base/CApplication.php(169): CWebApplication->processRequest()
#4 /root/web/apache/htdocs/mmcsysu/index.php(13): CApplication->run()
#5 {main}
REQUEST_URI=/mmcsysu/index.php/gii
---
2013/12/23 16:32:39 [error] [exception.CHttpException.403] exception 'CHttpException' with message 'You are not allowed to access this page.' in /root/web/apache/htdocs/yii/framework/gii/GiiModule.php:168
Stack trace:
#0 /root/web/apache/htdocs/yii/framework/web/CController.php(263): GiiModule->beforeControllerAction(Object(DefaultController), Object(CInlineAction))
#1 /root/web/apache/htdocs/yii/framework/web/CWebApplication.php(282): CController->run('')
#2 /root/web/apache/htdocs/yii/framework/web/CWebApplication.php(141): CWebApplication->runController('gii')
#3 /root/web/apache/htdocs/yii/framework/base/CApplication.php(169): CWebApplication->processRequest()
#4 /root/web/apache/htdocs/mmcsysu/index.php(13): CApplication->run()
#5 {main}
REQUEST_URI=/mmcsysu/index.php/gii
---
2013/12/23 16:32:41 [error] [exception.CHttpException.403] exception 'CHttpException' with message 'You are not allowed to access this page.' in /root/web/apache/htdocs/yii/framework/gii/GiiModule.php:168
Stack trace:
#0 /root/web/apache/htdocs/yii/framework/web/CController.php(263): GiiModule->beforeControllerAction(Object(DefaultController), Object(CInlineAction))
#1 /root/web/apache/htdocs/yii/framework/web/CWebApplication.php(282): CController->run('')
#2 /root/web/apache/htdocs/yii/framework/web/CWebApplication.php(141): CWebApplication->runController('gii')
#3 /root/web/apache/htdocs/yii/framework/base/CApplication.php(169): CWebApplication->processRequest()
#4 /root/web/apache/htdocs/mmcsysu/index.php(13): CApplication->run()
#5 {main}
REQUEST_URI=/mmcsysu/index.php/gii
---
2013/12/23 16:32:42 [error] [exception.CHttpException.403] exception 'CHttpException' with message 'You are not allowed to access this page.' in /root/web/apache/htdocs/yii/framework/gii/GiiModule.php:168
Stack trace:
#0 /root/web/apache/htdocs/yii/framework/web/CController.php(263): GiiModule->beforeControllerAction(Object(DefaultController), Object(CInlineAction))
#1 /root/web/apache/htdocs/yii/framework/web/CWebApplication.php(282): CController->run('')
#2 /root/web/apache/htdocs/yii/framework/web/CWebApplication.php(141): CWebApplication->runController('gii')
#3 /root/web/apache/htdocs/yii/framework/base/CApplication.php(169): CWebApplication->processRequest()
#4 /root/web/apache/htdocs/mmcsysu/index.php(13): CApplication->run()
#5 {main}
REQUEST_URI=/mmcsysu/index.php/gii
---
2013/12/23 16:33:29 [error] [exception.CHttpException.403] exception 'CHttpException' with message 'You are not allowed to access this page.' in /root/web/apache/htdocs/yii/framework/gii/GiiModule.php:168
Stack trace:
#0 /root/web/apache/htdocs/yii/framework/web/CController.php(263): GiiModule->beforeControllerAction(Object(DefaultController), Object(CInlineAction))
#1 /root/web/apache/htdocs/yii/framework/web/CWebApplication.php(282): CController->run('')
#2 /root/web/apache/htdocs/yii/framework/web/CWebApplication.php(141): CWebApplication->runController('gii')
#3 /root/web/apache/htdocs/yii/framework/base/CApplication.php(169): CWebApplication->processRequest()
#4 /root/web/apache/htdocs/mmcsysu/index.php(13): CApplication->run()
#5 {main}
REQUEST_URI=/mmcsysu/index.php/gii
---
2013/12/23 16:33:50 [error] [exception.CHttpException.403] exception 'CHttpException' with message 'You are not allowed to access this page.' in /root/web/apache/htdocs/yii/framework/gii/GiiModule.php:168
Stack trace:
#0 /root/web/apache/htdocs/yii/framework/web/CController.php(263): GiiModule->beforeControllerAction(Object(DefaultController), Object(CInlineAction))
#1 /root/web/apache/htdocs/yii/framework/web/CWebApplication.php(282): CController->run('')
#2 /root/web/apache/htdocs/yii/framework/web/CWebApplication.php(141): CWebApplication->runController('gii')
#3 /root/web/apache/htdocs/yii/framework/base/CApplication.php(169): CWebApplication->processRequest()
#4 /root/web/apache/htdocs/mmcsysu/index.php(13): CApplication->run()
#5 {main}
REQUEST_URI=/mmcsysu/index.php/gii
---
2013/12/23 16:33:51 [error] [exception.CHttpException.403] exception 'CHttpException' with message 'You are not allowed to access this page.' in /root/web/apache/htdocs/yii/framework/gii/GiiModule.php:168
Stack trace:
#0 /root/web/apache/htdocs/yii/framework/web/CController.php(263): GiiModule->beforeControllerAction(Object(DefaultController), Object(CInlineAction))
#1 /root/web/apache/htdocs/yii/framework/web/CWebApplication.php(282): CController->run('')
#2 /root/web/apache/htdocs/yii/framework/web/CWebApplication.php(141): CWebApplication->runController('gii')
#3 /root/web/apache/htdocs/yii/framework/base/CApplication.php(169): CWebApplication->processRequest()
#4 /root/web/apache/htdocs/mmcsysu/index.php(13): CApplication->run()
#5 {main}
REQUEST_URI=/mmcsysu/index.php/gii
---
2013/12/23 16:33:53 [error] [exception.CHttpException.403] exception 'CHttpException' with message 'You are not allowed to access this page.' in /root/web/apache/htdocs/yii/framework/gii/GiiModule.php:168
Stack trace:
#0 /root/web/apache/htdocs/yii/framework/web/CController.php(263): GiiModule->beforeControllerAction(Object(DefaultController), Object(CInlineAction))
#1 /root/web/apache/htdocs/yii/framework/web/CWebApplication.php(282): CController->run('')
#2 /root/web/apache/htdocs/yii/framework/web/CWebApplication.php(141): CWebApplication->runController('gii')
#3 /root/web/apache/htdocs/yii/framework/base/CApplication.php(169): CWebApplication->processRequest()
#4 /root/web/apache/htdocs/mmcsysu/index.php(13): CApplication->run()
#5 {main}
REQUEST_URI=/mmcsysu/index.php/gii
---
2013/12/23 16:36:05 [error] [exception.CHttpException.403] exception 'CHttpException' with message 'You are not allowed to access this page.' in /root/web/apache/htdocs/yii/framework/gii/GiiModule.php:168
Stack trace:
#0 /root/web/apache/htdocs/yii/framework/web/CController.php(263): GiiModule->beforeControllerAction(Object(DefaultController), Object(CInlineAction))
#1 /root/web/apache/htdocs/yii/framework/web/CWebApplication.php(282): CController->run('')
#2 /root/web/apache/htdocs/yii/framework/web/CWebApplication.php(141): CWebApplication->runController('gii')
#3 /root/web/apache/htdocs/yii/framework/base/CApplication.php(169): CWebApplication->processRequest()
#4 /root/web/apache/htdocs/mmcsysu/index.php(13): CApplication->run()
#5 {main}
REQUEST_URI=/mmcsysu/index.php/gii
---
2013/12/23 16:36:15 [error] [exception.CHttpException.403] exception 'CHttpException' with message 'You are not allowed to access this page.' in /root/web/apache/htdocs/yii/framework/gii/GiiModule.php:168
Stack trace:
#0 /root/web/apache/htdocs/yii/framework/web/CController.php(263): GiiModule->beforeControllerAction(Object(DefaultController), Object(CInlineAction))
#1 /root/web/apache/htdocs/yii/framework/web/CWebApplication.php(282): CController->run('')
#2 /root/web/apache/htdocs/yii/framework/web/CWebApplication.php(141): CWebApplication->runController('gii')
#3 /root/web/apache/htdocs/yii/framework/base/CApplication.php(169): CWebApplication->processRequest()
#4 /root/web/apache/htdocs/mmcsysu/index.php(13): CApplication->run()
#5 {main}
REQUEST_URI=/mmcsysu/index.php/gii
---
2013/12/23 16:36:32 [error] [exception.CHttpException.403] exception 'CHttpException' with message 'You are not allowed to access this page.' in /root/web/apache/htdocs/yii/framework/gii/GiiModule.php:168
Stack trace:
#0 /root/web/apache/htdocs/yii/framework/web/CController.php(263): GiiModule->beforeControllerAction(Object(DefaultController), Object(CInlineAction))
#1 /root/web/apache/htdocs/yii/framework/web/CWebApplication.php(282): CController->run('')
#2 /root/web/apache/htdocs/yii/framework/web/CWebApplication.php(141): CWebApplication->runController('gii')
#3 /root/web/apache/htdocs/yii/framework/base/CApplication.php(169): CWebApplication->processRequest()
#4 /root/web/apache/htdocs/mmcsysu/index.php(13): CApplication->run()
#5 {main}
REQUEST_URI=/mmcsysu/index.php/gii
---
2013/12/23 16:37:29 [error] [exception.CHttpException.403] exception 'CHttpException' with message 'You are not allowed to access this page.' in /root/web/apache/htdocs/yii/framework/gii/GiiModule.php:168
Stack trace:
#0 /root/web/apache/htdocs/yii/framework/web/CController.php(263): GiiModule->beforeControllerAction(Object(DefaultController), Object(CInlineAction))
#1 /root/web/apache/htdocs/yii/framework/web/CWebApplication.php(282): CController->run('')
#2 /root/web/apache/htdocs/yii/framework/web/CWebApplication.php(141): CWebApplication->runController('gii')
#3 /root/web/apache/htdocs/yii/framework/base/CApplication.php(169): CWebApplication->processRequest()
#4 /root/web/apache/htdocs/mmcsysu/index.php(13): CApplication->run()
#5 {main}
REQUEST_URI=/mmcsysu/index.php/gii
---
2013/12/23 16:37:31 [error] [exception.CHttpException.403] exception 'CHttpException' with message 'You are not allowed to access this page.' in /root/web/apache/htdocs/yii/framework/gii/GiiModule.php:168
Stack trace:
#0 /root/web/apache/htdocs/yii/framework/web/CController.php(263): GiiModule->beforeControllerAction(Object(DefaultController), Object(CInlineAction))
#1 /root/web/apache/htdocs/yii/framework/web/CWebApplication.php(282): CController->run('')
#2 /root/web/apache/htdocs/yii/framework/web/CWebApplication.php(141): CWebApplication->runController('gii')
#3 /root/web/apache/htdocs/yii/framework/base/CApplication.php(169): CWebApplication->processRequest()
#4 /root/web/apache/htdocs/mmcsysu/index.php(13): CApplication->run()
#5 {main}
REQUEST_URI=/mmcsysu/index.php/gii
---
2013/12/23 16:38:15 [error] [exception.CHttpException.403] exception 'CHttpException' with message 'You are not allowed to access this page.' in /root/web/apache/htdocs/yii/framework/gii/GiiModule.php:168
Stack trace:
#0 /root/web/apache/htdocs/yii/framework/web/CController.php(263): GiiModule->beforeControllerAction(Object(DefaultController), Object(CInlineAction))
#1 /root/web/apache/htdocs/yii/framework/web/CWebApplication.php(282): CController->run('')
#2 /root/web/apache/htdocs/yii/framework/web/CWebApplication.php(141): CWebApplication->runController('gii')
#3 /root/web/apache/htdocs/yii/framework/base/CApplication.php(169): CWebApplication->processRequest()
#4 /root/web/apache/htdocs/mmcsysu/index.php(13): CApplication->run()
#5 {main}
REQUEST_URI=/mmcsysu/index.php/gii
---
2013/12/23 16:38:16 [error] [exception.CHttpException.403] exception 'CHttpException' with message 'You are not allowed to access this page.' in /root/web/apache/htdocs/yii/framework/gii/GiiModule.php:168
Stack trace:
#0 /root/web/apache/htdocs/yii/framework/web/CController.php(263): GiiModule->beforeControllerAction(Object(DefaultController), Object(CInlineAction))
#1 /root/web/apache/htdocs/yii/framework/web/CWebApplication.php(282): CController->run('')
#2 /root/web/apache/htdocs/yii/framework/web/CWebApplication.php(141): CWebApplication->runController('gii')
#3 /root/web/apache/htdocs/yii/framework/base/CApplication.php(169): CWebApplication->processRequest()
#4 /root/web/apache/htdocs/mmcsysu/index.php(13): CApplication->run()
#5 {main}
REQUEST_URI=/mmcsysu/index.php/gii
---
2013/12/23 16:38:18 [error] [exception.CHttpException.403] exception 'CHttpException' with message 'You are not allowed to access this page.' in /root/web/apache/htdocs/yii/framework/gii/GiiModule.php:168
Stack trace:
#0 /root/web/apache/htdocs/yii/framework/web/CController.php(263): GiiModule->beforeControllerAction(Object(DefaultController), Object(CInlineAction))
#1 /root/web/apache/htdocs/yii/framework/web/CWebApplication.php(282): CController->run('')
#2 /root/web/apache/htdocs/yii/framework/web/CWebApplication.php(141): CWebApplication->runController('gii')
#3 /root/web/apache/htdocs/yii/framework/base/CApplication.php(169): CWebApplication->processRequest()
#4 /root/web/apache/htdocs/mmcsysu/index.php(13): CApplication->run()
#5 {main}
REQUEST_URI=/mmcsysu/index.php/gii
---
2013/12/23 16:42:14 [error] [exception.CHttpException.403] exception 'CHttpException' with message 'You are not allowed to access this page.' in /root/web/apache/htdocs/yii/framework/gii/GiiModule.php:168
Stack trace:
#0 /root/web/apache/htdocs/yii/framework/web/CController.php(263): GiiModule->beforeControllerAction(Object(DefaultController), Object(CInlineAction))
#1 /root/web/apache/htdocs/yii/framework/web/CWebApplication.php(282): CController->run('')
#2 /root/web/apache/htdocs/yii/framework/web/CWebApplication.php(141): CWebApplication->runController('gii')
#3 /root/web/apache/htdocs/yii/framework/base/CApplication.php(169): CWebApplication->processRequest()
#4 /root/web/apache/htdocs/mmcsysu/index.php(13): CApplication->run()
#5 {main}
REQUEST_URI=/mmcsysu/index.php/gii
---
2013/12/23 16:47:49 [error] [exception.CDbException] exception 'CDbException' with message 'CDbConnection failed to open the DB connection: could not find driver' in /root/web/apache/htdocs/yii/framework/db/CDbConnection.php:381
Stack trace:
#0 /root/web/apache/htdocs/yii/framework/db/CDbConnection.php(330): CDbConnection->open()
#1 /root/web/apache/htdocs/yii/framework/db/CDbConnection.php(308): CDbConnection->setActive(true)
#2 /root/web/apache/htdocs/yii/framework/base/CModule.php(387): CDbConnection->init()
#3 /root/web/apache/htdocs/yii/framework/base/CModule.php(103): CModule->getComponent('db')
#4 /root/web/apache/htdocs/yii/framework/gii/generators/model/ModelCode.php(57): CModule->__get('db')
#5 /root/web/apache/htdocs/yii/framework/web/CFormModel.php(39): ModelCode->init()
#6 /root/web/apache/htdocs/yii/framework/gii/CCodeGenerator.php(153): CFormModel->__construct()
#7 /root/web/apache/htdocs/yii/framework/gii/CCodeGenerator.php(63): CCodeGenerator->prepare()
#8 /root/web/apache/htdocs/yii/framework/web/actions/CInlineAction.php(49): CCodeGenerator->actionIndex()
#9 /root/web/apache/htdocs/yii/framework/web/CController.php(308): CInlineAction->runWithParams(Array)
#10 /root/web/apache/htdocs/yii/framework/web/CController.php(286): CController->runAction(Object(CInlineAction))
#11 /root/web/apache/htdocs/yii/framework/web/CController.php(265): CController->runActionWithFilters(Object(CInlineAction), Array)
#12 /root/web/apache/htdocs/yii/framework/web/CWebApplication.php(282): CController->run('')
#13 /root/web/apache/htdocs/yii/framework/web/CWebApplication.php(141): CWebApplication->runController('gii/model')
#14 /root/web/apache/htdocs/yii/framework/base/CApplication.php(169): CWebApplication->processRequest()
#15 /root/web/apache/htdocs/mmcsysu/index.php(13): CApplication->run()
#16 {main}
REQUEST_URI=/mmcsysu/index.php/gii/model
HTTP_REFERER=http://222.200.191.120/mmcsysu/index.php/gii/default/index
---
2013/12/23 17:28:47 [error] [system.db.CDbCommand] CDbCommand::fetchAll() failed: SQLSTATE[42S02]: Base table or view not found: 1146 Table 'mis.user' doesn't exist. The SQL statement executed was: SHOW FULL COLUMNS FROM `user`.
in /root/web/apache/htdocs/mmcsysu/index.php (13)
